Using pre-set license
Built from '2020.3/release' branch; Version is '2020.3.12f1 (b3b2c6512326) revision 11776710'; Using compiler version '192528614'; Build Type 'Release'
OS: 'Windows 10 Home; OS build 19042.1110; Version 2009; 64bit' Language: 'ko' Physical Memory: 16145 MB
BatchMode: 1, IsHumanControllingUs: 0, StartBugReporterOnCrash: 0, Is64bit: 1, IsPro: 0

 COMMAND LINE ARGUMENTS:
C:\Program Files\Unity\Hub\Editor\2020.3.12f1\Editor\Unity.exe
-adb2
-batchMode
-noUpm
-name
AssetImportWorker0
-projectPath
C:/Users/82108/New Unity Project (6)
-logFile
Logs/AssetImportWorker0.log
-srvPort
50731
Successfully changed project path to: C:/Users/82108/New Unity Project (6)
C:/Users/82108/New Unity Project (6)
Using Asset Import Pipeline V2.
Refreshing native plugins compatible for Editor in 36.60 ms, found 2 plugins.
Preloading 0 native plugins for Editor in 0.00 ms.
Initialize engine version: 2020.3.12f1 (b3b2c6512326)
[Subsystems] Discovering subsystems at path C:/Program Files/Unity/Hub/Editor/2020.3.12f1/Editor/Data/Resources/UnitySubsystems
[Subsystems] Discovering subsystems at path C:/Users/82108/New Unity Project (6)/Assets
GfxDevice: creating device client; threaded=0
Direct3D:
    Version:  Direct3D 11.0 [level 11.1]
    Renderer: NVIDIA GeForce MX250 (ID=0x1d13)
    Vendor:   
    VRAM:     1983 MB
    Driver:   26.21.14.4223
Initialize mono
Mono path[0] = 'C:/Program Files/Unity/Hub/Editor/2020.3.12f1/Editor/Data/Managed'
Mono path[1] = 'C:/Program Files/Unity/Hub/Editor/2020.3.12f1/Editor/Data/MonoBleedingEdge/lib/mono/unityjit'
Mono config path = 'C:/Program Files/Unity/Hub/Editor/2020.3.12f1/Editor/Data/MonoBleedingEdge/etc'
Using monoOptions --debugger-agent=transport=dt_socket,embedding=1,server=y,suspend=n,address=127.0.0.1:56900
Begin MonoManager ReloadAssembly
Registering precompiled unity dll's ...
Register platform support module: C:/Program Files/Unity/Hub/Editor/2020.3.12f1/Editor/Data/PlaybackEngines/WebGLSupport/UnityEditor.WebGL.Extensions.dll
Register platform support module: C:/Program Files/Unity/Hub/Editor/2020.3.12f1/Editor/Data/PlaybackEngines/WindowsStandaloneSupport/UnityEditor.WindowsStandalone.Extensions.dll
Registered in 0.006803 seconds.
Native extension for WindowsStandalone target not found
Native extension for WebGL target not found
Refreshing native plugins compatible for Editor in 27.81 ms, found 2 plugins.
Preloading 0 native plugins for Editor in 0.00 ms.
Mono: successfully reloaded assembly
- Completed reload, in  1.359 seconds
Platform modules already initialized, skipping
Registering precompiled user dll's ...
Registered in 0.016564 seconds.
Begin MonoManager ReloadAssembly
Native extension for WindowsStandalone target not found
Native extension for WebGL target not found
Refreshing native plugins compatible for Editor in 0.30 ms, found 2 plugins.
Preloading 0 native plugins for Editor in 0.00 ms.
Mono: successfully reloaded assembly
- Completed reload, in  1.073 seconds
Platform modules already initialized, skipping
========================================================================
Worker process is ready to serve import requests
Launched and connected shader compiler UnityShaderCompiler.exe after 0.08 seconds
Refreshing native plugins compatible for Editor in 0.35 ms, found 2 plugins.
Preloading 0 native plugins for Editor in 0.00 ms.
Unloading 964 Unused Serialized files (Serialized files now loaded: 0)
System memory in use before: 125.6 MB.
System memory in use after: 125.7 MB.

Unloading 18 unused Assets to reduce memory usage. Loaded Objects now: 1414.
Total: 2.099300 ms (FindLiveObjects: 0.138100 ms CreateObjectMapping: 0.044200 ms MarkObjects: 1.825800 ms  DeleteObjects: 0.089200 ms)

AssetImportParameters requested are different than current active one (requested -> active):
  custom:framework-win-MediaFoundation: 216162199b28c13a410421893ffa2e32 -> 
  custom:video-decoder-ogg-theora: a1e56fd34408186e4bbccfd4996cb3dc -> 
  custom:container-muxer-webm: aa71ff27fc2769a1b78a27578f13a17b -> 
  custom:container-demuxer-webm: 4f35f7cbe854078d1ac9338744f61a02 -> 
  custom:container-demuxer-ogg: 62fdf1f143b41e24485cea50d1cbac27 -> 
  custom:video-encoder-webm-vp8: eb34c28f22e8b96e1ab97ce403110664 -> 
  custom:video-codec-MediaFoundation-h265: 746d11721c4dcdbdad8f713fa42b33f4 -> 
  custom:video-decoder-webm-vp8: 9c59270c3fd7afecdb556c50c9e8de78 -> 
  custom:audio-decoder-ogg-vorbis: bf7c407c2cedff20999df2af8eb42d56 -> 
  custom:audio-encoder-webm-vorbis: bf7c407c2cedff20999df2af8eb42d56 -> 
========================================================================
Received Import Request.
  path: Assets/Scenes/Beige Towel/Prefabs
  artifactKey: Guid(300c9b99695d3e3488891ba4682ef31c) Importer(815301076,1909f56bfc062723c751e8b465ee728b)
Start importing Assets/Scenes/Beige Towel/Prefabs using Guid(300c9b99695d3e3488891ba4682ef31c) Importer(815301076,1909f56bfc062723c751e8b465ee728b)  -> (artifact id: 'e719eaf276c266a7fbf68c5170a79b2b') in 0.008585 seconds 
  Import took 0.011165 seconds .

========================================================================
Received Import Request.
  Time since last request: 0.000275 seconds.
  path: Assets/Scenes/Beige Towel/Prefabs/Beige Towel.prefab
  artifactKey: Guid(dd48714dfd204a546bf42143b6f5642b) Importer(815301076,1909f56bfc062723c751e8b465ee728b)
Start importing Assets/Scenes/Beige Towel/Prefabs/Beige Towel.prefab using Guid(dd48714dfd204a546bf42143b6f5642b) Importer(815301076,1909f56bfc062723c751e8b465ee728b)  -> (artifact id: '59a22e862d432443ae71d015be918696') in 0.142557 seconds 
  Import took 0.145007 seconds .

========================================================================
Received Prepare
Refreshing native plugins compatible for Editor in 11.24 ms, found 2 plugins.
Preloading 0 native plugins for Editor in 0.00 ms.
Unloading 11 Unused Serialized files (Serialized files now loaded: 0)
System memory in use before: 109.8 MB.
System memory in use after: 109.9 MB.

Unloading 11 unused Assets to reduce memory usage. Loaded Objects now: 1421.
Total: 2.543300 ms (FindLiveObjects: 0.122900 ms CreateObjectMapping: 0.026900 ms MarkObjects: 2.371700 ms  DeleteObjects: 0.020000 ms)

AssetImportParameters requested are different than current active one (requested -> active):
  custom:framework-win-MediaFoundation: 216162199b28c13a410421893ffa2e32 -> 
  custom:video-decoder-ogg-theora: a1e56fd34408186e4bbccfd4996cb3dc -> 
  custom:container-muxer-webm: aa71ff27fc2769a1b78a27578f13a17b -> 
  custom:container-demuxer-webm: 4f35f7cbe854078d1ac9338744f61a02 -> 
  custom:container-demuxer-ogg: 62fdf1f143b41e24485cea50d1cbac27 -> 
  custom:video-encoder-webm-vp8: eb34c28f22e8b96e1ab97ce403110664 -> 
  custom:video-codec-MediaFoundation-h265: 746d11721c4dcdbdad8f713fa42b33f4 -> 
  custom:video-decoder-webm-vp8: 9c59270c3fd7afecdb556c50c9e8de78 -> 
  custom:audio-decoder-ogg-vorbis: bf7c407c2cedff20999df2af8eb42d56 -> 
  custom:audio-encoder-webm-vorbis: bf7c407c2cedff20999df2af8eb42d56 -> 
========================================================================
Received Prepare
Refreshing native plugins compatible for Editor in 14.21 ms, found 2 plugins.
Preloading 0 native plugins for Editor in 0.00 ms.
Unloading 11 Unused Serialized files (Serialized files now loaded: 0)
System memory in use before: 109.8 MB.
System memory in use after: 109.9 MB.

Unloading 11 unused Assets to reduce memory usage. Loaded Objects now: 1421.
Total: 1.695300 ms (FindLiveObjects: 0.095200 ms CreateObjectMapping: 0.028700 ms MarkObjects: 1.555200 ms  DeleteObjects: 0.015000 ms)

AssetImportParameters requested are different than current active one (requested -> active):
  custom:framework-win-MediaFoundation: 216162199b28c13a410421893ffa2e32 -> 
  custom:video-decoder-ogg-theora: a1e56fd34408186e4bbccfd4996cb3dc -> 
  custom:container-muxer-webm: aa71ff27fc2769a1b78a27578f13a17b -> 
  custom:container-demuxer-webm: 4f35f7cbe854078d1ac9338744f61a02 -> 
  custom:container-demuxer-ogg: 62fdf1f143b41e24485cea50d1cbac27 -> 
  custom:video-encoder-webm-vp8: eb34c28f22e8b96e1ab97ce403110664 -> 
  custom:video-codec-MediaFoundation-h265: 746d11721c4dcdbdad8f713fa42b33f4 -> 
  custom:video-decoder-webm-vp8: 9c59270c3fd7afecdb556c50c9e8de78 -> 
  custom:audio-decoder-ogg-vorbis: bf7c407c2cedff20999df2af8eb42d56 -> 
  custom:audio-encoder-webm-vorbis: bf7c407c2cedff20999df2af8eb42d56 -> 
========================================================================
Received Prepare
Registering precompiled user dll's ...
Registered in 0.042599 seconds.
Begin MonoManager ReloadAssembly
Native extension for WindowsStandalone target not found
Native extension for WebGL target not found
Refreshing native plugins compatible for Editor in 0.57 ms, found 2 plugins.
Preloading 0 native plugins for Editor in 0.00 ms.
Mono: successfully reloaded assembly
- Completed reload, in  1.735 seconds
Platform modules already initialized, skipping
Refreshing native plugins compatible for Editor in 0.46 ms, found 2 plugins.
Preloading 0 native plugins for Editor in 0.00 ms.
Unloading 957 Unused Serialized files (Serialized files now loaded: 0)
System memory in use before: 128.5 MB.
System memory in use after: 128.6 MB.

Unloading 13 unused Assets to reduce memory usage. Loaded Objects now: 1424.
Total: 1.949800 ms (FindLiveObjects: 0.149300 ms CreateObjectMapping: 0.039100 ms MarkObjects: 1.737200 ms  DeleteObjects: 0.022600 ms)

AssetImportParameters requested are different than current active one (requested -> active):
  custom:framework-win-MediaFoundation: 216162199b28c13a410421893ffa2e32 -> 
  custom:video-decoder-ogg-theora: a1e56fd34408186e4bbccfd4996cb3dc -> 
  custom:container-muxer-webm: aa71ff27fc2769a1b78a27578f13a17b -> 
  custom:container-demuxer-webm: 4f35f7cbe854078d1ac9338744f61a02 -> 
  custom:container-demuxer-ogg: 62fdf1f143b41e24485cea50d1cbac27 -> 
  custom:video-encoder-webm-vp8: eb34c28f22e8b96e1ab97ce403110664 -> 
  custom:video-codec-MediaFoundation-h265: 746d11721c4dcdbdad8f713fa42b33f4 -> 
  custom:video-decoder-webm-vp8: 9c59270c3fd7afecdb556c50c9e8de78 -> 
  custom:audio-decoder-ogg-vorbis: bf7c407c2cedff20999df2af8eb42d56 -> 
  custom:audio-encoder-webm-vorbis: bf7c407c2cedff20999df2af8eb42d56 -> 
========================================================================
Received Import Request.
  Time since last request: 1846.597199 seconds.
  path: Assets/Scenes/Beige Towel/Meshes/Beige Towel.FBX
  artifactKey: Guid(1265372ef3a73a94c8051ab6878a8dbd) Importer(815301076,1909f56bfc062723c751e8b465ee728b)
Start importing Assets/Scenes/Beige Towel/Meshes/Beige Towel.FBX using Guid(1265372ef3a73a94c8051ab6878a8dbd) Importer(815301076,1909f56bfc062723c751e8b465ee728b)  -> (artifact id: '95a81ef5d6cea63d2fce116561841260') in 0.167593 seconds 
  Import took 0.171440 seconds .

========================================================================
Received Prepare
Registering precompiled user dll's ...
Registered in 0.015012 seconds.
Begin MonoManager ReloadAssembly
Native extension for WindowsStandalone target not found
Native extension for WebGL target not found
Refreshing native plugins compatible for Editor in 0.30 ms, found 2 plugins.
Preloading 0 native plugins for Editor in 0.00 ms.
Mono: successfully reloaded assembly
- Completed reload, in  1.453 seconds
Platform modules already initialized, skipping
Refreshing native plugins compatible for Editor in 0.33 ms, found 2 plugins.
Preloading 0 native plugins for Editor in 0.00 ms.
Unloading 957 Unused Serialized files (Serialized files now loaded: 0)
System memory in use before: 128.7 MB.
System memory in use after: 128.8 MB.

Unloading 13 unused Assets to reduce memory usage. Loaded Objects now: 1431.
Total: 1.769700 ms (FindLiveObjects: 0.109900 ms CreateObjectMapping: 0.046700 ms MarkObjects: 1.590000 ms  DeleteObjects: 0.021600 ms)

AssetImportParameters requested are different than current active one (requested -> active):
  custom:framework-win-MediaFoundation: 216162199b28c13a410421893ffa2e32 -> 
  custom:video-decoder-ogg-theora: a1e56fd34408186e4bbccfd4996cb3dc -> 
  custom:container-muxer-webm: aa71ff27fc2769a1b78a27578f13a17b -> 
  custom:container-demuxer-webm: 4f35f7cbe854078d1ac9338744f61a02 -> 
  custom:container-demuxer-ogg: 62fdf1f143b41e24485cea50d1cbac27 -> 
  custom:video-encoder-webm-vp8: eb34c28f22e8b96e1ab97ce403110664 -> 
  custom:video-codec-MediaFoundation-h265: 746d11721c4dcdbdad8f713fa42b33f4 -> 
  custom:video-decoder-webm-vp8: 9c59270c3fd7afecdb556c50c9e8de78 -> 
  custom:audio-decoder-ogg-vorbis: bf7c407c2cedff20999df2af8eb42d56 -> 
  custom:audio-encoder-webm-vorbis: bf7c407c2cedff20999df2af8eb42d56 -> 
========================================================================
Received Prepare
Refreshing native plugins compatible for Editor in 9.80 ms, found 2 plugins.
Preloading 0 native plugins for Editor in 0.00 ms.
Unloading 11 Unused Serialized files (Serialized files now loaded: 0)
System memory in use before: 110.0 MB.
System memory in use after: 110.1 MB.

Unloading 11 unused Assets to reduce memory usage. Loaded Objects now: 1431.
Total: 1.679100 ms (FindLiveObjects: 0.094100 ms CreateObjectMapping: 0.027100 ms MarkObjects: 1.542700 ms  DeleteObjects: 0.014100 ms)

AssetImportParameters requested are different than current active one (requested -> active):
  custom:framework-win-MediaFoundation: 216162199b28c13a410421893ffa2e32 -> 
  custom:video-decoder-ogg-theora: a1e56fd34408186e4bbccfd4996cb3dc -> 
  custom:container-muxer-webm: aa71ff27fc2769a1b78a27578f13a17b -> 
  custom:container-demuxer-webm: 4f35f7cbe854078d1ac9338744f61a02 -> 
  custom:container-demuxer-ogg: 62fdf1f143b41e24485cea50d1cbac27 -> 
  custom:video-encoder-webm-vp8: eb34c28f22e8b96e1ab97ce403110664 -> 
  custom:video-codec-MediaFoundation-h265: 746d11721c4dcdbdad8f713fa42b33f4 -> 
  custom:video-decoder-webm-vp8: 9c59270c3fd7afecdb556c50c9e8de78 -> 
  custom:audio-decoder-ogg-vorbis: bf7c407c2cedff20999df2af8eb42d56 -> 
  custom:audio-encoder-webm-vorbis: bf7c407c2cedff20999df2af8eb42d56 -> 
========================================================================
Received Prepare
Registering precompiled user dll's ...
Registered in 0.015007 seconds.
Begin MonoManager ReloadAssembly
Native extension for WindowsStandalone target not found
Native extension for WebGL target not found
Refreshing native plugins compatible for Editor in 0.32 ms, found 2 plugins.
Preloading 0 native plugins for Editor in 0.00 ms.
Mono: successfully reloaded assembly
- Completed reload, in  1.551 seconds
Platform modules already initialized, skipping
Refreshing native plugins compatible for Editor in 0.46 ms, found 2 plugins.
Preloading 0 native plugins for Editor in 0.00 ms.
Unloading 957 Unused Serialized files (Serialized files now loaded: 0)
System memory in use before: 128.7 MB.
System memory in use after: 128.8 MB.

Unloading 13 unused Assets to reduce memory usage. Loaded Objects now: 1434.
Total: 1.489200 ms (FindLiveObjects: 0.096600 ms CreateObjectMapping: 0.024400 ms MarkObjects: 1.344700 ms  DeleteObjects: 0.022600 ms)

AssetImportParameters requested are different than current active one (requested -> active):
  custom:framework-win-MediaFoundation: 216162199b28c13a410421893ffa2e32 -> 
  custom:video-decoder-ogg-theora: a1e56fd34408186e4bbccfd4996cb3dc -> 
  custom:container-muxer-webm: aa71ff27fc2769a1b78a27578f13a17b -> 
  custom:container-demuxer-webm: 4f35f7cbe854078d1ac9338744f61a02 -> 
  custom:container-demuxer-ogg: 62fdf1f143b41e24485cea50d1cbac27 -> 
  custom:video-encoder-webm-vp8: eb34c28f22e8b96e1ab97ce403110664 -> 
  custom:video-codec-MediaFoundation-h265: 746d11721c4dcdbdad8f713fa42b33f4 -> 
  custom:video-decoder-webm-vp8: 9c59270c3fd7afecdb556c50c9e8de78 -> 
  custom:audio-decoder-ogg-vorbis: bf7c407c2cedff20999df2af8eb42d56 -> 
  custom:audio-encoder-webm-vorbis: bf7c407c2cedff20999df2af8eb42d56 -> 
========================================================================
Received Prepare
Refreshing native plugins compatible for Editor in 11.94 ms, found 2 plugins.
Preloading 0 native plugins for Editor in 0.00 ms.
Unloading 11 Unused Serialized files (Serialized files now loaded: 0)
System memory in use before: 110.0 MB.
System memory in use after: 110.1 MB.

Unloading 11 unused Assets to reduce memory usage. Loaded Objects now: 1434.
Total: 1.638400 ms (FindLiveObjects: 0.096300 ms CreateObjectMapping: 0.028100 ms MarkObjects: 1.495900 ms  DeleteObjects: 0.017200 ms)

AssetImportParameters requested are different than current active one (requested -> active):
  custom:framework-win-MediaFoundation: 216162199b28c13a410421893ffa2e32 -> 
  custom:video-decoder-ogg-theora: a1e56fd34408186e4bbccfd4996cb3dc -> 
  custom:container-muxer-webm: aa71ff27fc2769a1b78a27578f13a17b -> 
  custom:container-demuxer-webm: 4f35f7cbe854078d1ac9338744f61a02 -> 
  custom:container-demuxer-ogg: 62fdf1f143b41e24485cea50d1cbac27 -> 
  custom:video-encoder-webm-vp8: eb34c28f22e8b96e1ab97ce403110664 -> 
  custom:video-codec-MediaFoundation-h265: 746d11721c4dcdbdad8f713fa42b33f4 -> 
  custom:video-decoder-webm-vp8: 9c59270c3fd7afecdb556c50c9e8de78 -> 
  custom:audio-decoder-ogg-vorbis: bf7c407c2cedff20999df2af8eb42d56 -> 
  custom:audio-encoder-webm-vorbis: bf7c407c2cedff20999df2af8eb42d56 -> 
========================================================================
Received Prepare
Refreshing native plugins compatible for Editor in 12.50 ms, found 2 plugins.
Preloading 0 native plugins for Editor in 0.00 ms.
Unloading 11 Unused Serialized files (Serialized files now loaded: 0)
System memory in use before: 110.0 MB.
System memory in use after: 110.1 MB.

Unloading 11 unused Assets to reduce memory usage. Loaded Objects now: 1434.
Total: 1.717900 ms (FindLiveObjects: 0.128400 ms CreateObjectMapping: 0.033200 ms MarkObjects: 1.537600 ms  DeleteObjects: 0.017400 ms)

AssetImportParameters requested are different than current active one (requested -> active):
  custom:framework-win-MediaFoundation: 216162199b28c13a410421893ffa2e32 -> 
  custom:video-decoder-ogg-theora: a1e56fd34408186e4bbccfd4996cb3dc -> 
  custom:container-muxer-webm: aa71ff27fc2769a1b78a27578f13a17b -> 
  custom:container-demuxer-webm: 4f35f7cbe854078d1ac9338744f61a02 -> 
  custom:container-demuxer-ogg: 62fdf1f143b41e24485cea50d1cbac27 -> 
  custom:video-encoder-webm-vp8: eb34c28f22e8b96e1ab97ce403110664 -> 
  custom:video-codec-MediaFoundation-h265: 746d11721c4dcdbdad8f713fa42b33f4 -> 
  custom:video-decoder-webm-vp8: 9c59270c3fd7afecdb556c50c9e8de78 -> 
  custom:audio-decoder-ogg-vorbis: bf7c407c2cedff20999df2af8eb42d56 -> 
  custom:audio-encoder-webm-vorbis: bf7c407c2cedff20999df2af8eb42d56 -> 
========================================================================
Received Prepare
Refreshing native plugins compatible for Editor in 11.04 ms, found 2 plugins.
Preloading 0 native plugins for Editor in 0.00 ms.
Unloading 11 Unused Serialized files (Serialized files now loaded: 0)
System memory in use before: 110.0 MB.
System memory in use after: 110.1 MB.

Unloading 11 unused Assets to reduce memory usage. Loaded Objects now: 1434.
Total: 1.569900 ms (FindLiveObjects: 0.118800 ms CreateObjectMapping: 0.029000 ms MarkObjects: 1.406300 ms  DeleteObjects: 0.014400 ms)

AssetImportParameters requested are different than current active one (requested -> active):
  custom:framework-win-MediaFoundation: 216162199b28c13a410421893ffa2e32 -> 
  custom:video-decoder-ogg-theora: a1e56fd34408186e4bbccfd4996cb3dc -> 
  custom:container-muxer-webm: aa71ff27fc2769a1b78a27578f13a17b -> 
  custom:container-demuxer-webm: 4f35f7cbe854078d1ac9338744f61a02 -> 
  custom:container-demuxer-ogg: 62fdf1f143b41e24485cea50d1cbac27 -> 
  custom:video-encoder-webm-vp8: eb34c28f22e8b96e1ab97ce403110664 -> 
  custom:video-codec-MediaFoundation-h265: 746d11721c4dcdbdad8f713fa42b33f4 -> 
  custom:video-decoder-webm-vp8: 9c59270c3fd7afecdb556c50c9e8de78 -> 
  custom:audio-decoder-ogg-vorbis: bf7c407c2cedff20999df2af8eb42d56 -> 
  custom:audio-encoder-webm-vorbis: bf7c407c2cedff20999df2af8eb42d56 -> 
========================================================================
Received Prepare
Refreshing native plugins compatible for Editor in 14.28 ms, found 2 plugins.
Preloading 0 native plugins for Editor in 0.00 ms.
Unloading 11 Unused Serialized files (Serialized files now loaded: 0)
System memory in use before: 110.0 MB.
System memory in use after: 110.1 MB.

Unloading 11 unused Assets to reduce memory usage. Loaded Objects now: 1434.
Total: 1.685400 ms (FindLiveObjects: 0.108200 ms CreateObjectMapping: 0.030900 ms MarkObjects: 1.527300 ms  DeleteObjects: 0.017500 ms)

AssetImportParameters requested are different than current active one (requested -> active):
  custom:framework-win-MediaFoundation: 216162199b28c13a410421893ffa2e32 -> 
  custom:video-decoder-ogg-theora: a1e56fd34408186e4bbccfd4996cb3dc -> 
  custom:container-muxer-webm: aa71ff27fc2769a1b78a27578f13a17b -> 
  custom:container-demuxer-webm: 4f35f7cbe854078d1ac9338744f61a02 -> 
  custom:container-demuxer-ogg: 62fdf1f143b41e24485cea50d1cbac27 -> 
  custom:video-encoder-webm-vp8: eb34c28f22e8b96e1ab97ce403110664 -> 
  custom:video-codec-MediaFoundation-h265: 746d11721c4dcdbdad8f713fa42b33f4 -> 
  custom:video-decoder-webm-vp8: 9c59270c3fd7afecdb556c50c9e8de78 -> 
  custom:audio-decoder-ogg-vorbis: bf7c407c2cedff20999df2af8eb42d56 -> 
  custom:audio-encoder-webm-vorbis: bf7c407c2cedff20999df2af8eb42d56 -> 
========================================================================
Received Prepare
Refreshing native plugins compatible for Editor in 11.74 ms, found 2 plugins.
Preloading 0 native plugins for Editor in 0.00 ms.
Unloading 11 Unused Serialized files (Serialized files now loaded: 0)
System memory in use before: 110.0 MB.
System memory in use after: 110.1 MB.

Unloading 11 unused Assets to reduce memory usage. Loaded Objects now: 1434.
Total: 2.397300 ms (FindLiveObjects: 0.103300 ms CreateObjectMapping: 0.029400 ms MarkObjects: 2.242900 ms  DeleteObjects: 0.020500 ms)

AssetImportParameters requested are different than current active one (requested -> active):
  custom:framework-win-MediaFoundation: 216162199b28c13a410421893ffa2e32 -> 
  custom:video-decoder-ogg-theora: a1e56fd34408186e4bbccfd4996cb3dc -> 
  custom:container-muxer-webm: aa71ff27fc2769a1b78a27578f13a17b -> 
  custom:container-demuxer-webm: 4f35f7cbe854078d1ac9338744f61a02 -> 
  custom:container-demuxer-ogg: 62fdf1f143b41e24485cea50d1cbac27 -> 
  custom:video-encoder-webm-vp8: eb34c28f22e8b96e1ab97ce403110664 -> 
  custom:video-codec-MediaFoundation-h265: 746d11721c4dcdbdad8f713fa42b33f4 -> 
  custom:video-decoder-webm-vp8: 9c59270c3fd7afecdb556c50c9e8de78 -> 
  custom:audio-decoder-ogg-vorbis: bf7c407c2cedff20999df2af8eb42d56 -> 
  custom:audio-encoder-webm-vorbis: bf7c407c2cedff20999df2af8eb42d56 -> 
========================================================================
Received Prepare
Refreshing native plugins compatible for Editor in 13.80 ms, found 2 plugins.
Preloading 0 native plugins for Editor in 0.00 ms.
Unloading 11 Unused Serialized files (Serialized files now loaded: 0)
System memory in use before: 110.0 MB.
System memory in use after: 110.1 MB.

Unloading 11 unused Assets to reduce memory usage. Loaded Objects now: 1434.
Total: 1.971800 ms (FindLiveObjects: 0.101600 ms CreateObjectMapping: 0.029800 ms MarkObjects: 1.823600 ms  DeleteObjects: 0.015600 ms)

AssetImportParameters requested are different than current active one (requested -> active):
  custom:framework-win-MediaFoundation: 216162199b28c13a410421893ffa2e32 -> 
  custom:video-decoder-ogg-theora: a1e56fd34408186e4bbccfd4996cb3dc -> 
  custom:container-muxer-webm: aa71ff27fc2769a1b78a27578f13a17b -> 
  custom:container-demuxer-webm: 4f35f7cbe854078d1ac9338744f61a02 -> 
  custom:container-demuxer-ogg: 62fdf1f143b41e24485cea50d1cbac27 -> 
  custom:video-encoder-webm-vp8: eb34c28f22e8b96e1ab97ce403110664 -> 
  custom:video-codec-MediaFoundation-h265: 746d11721c4dcdbdad8f713fa42b33f4 -> 
  custom:video-decoder-webm-vp8: 9c59270c3fd7afecdb556c50c9e8de78 -> 
  custom:audio-decoder-ogg-vorbis: bf7c407c2cedff20999df2af8eb42d56 -> 
  custom:audio-encoder-webm-vorbis: bf7c407c2cedff20999df2af8eb42d56 -> 
========================================================================
Received Import Request.
  Time since last request: 1095.295378 seconds.
  path: Assets/bloodHD/blood_hd1.tif
  artifactKey: Guid(f78147b050f85354891c924c440b694d) Importer(815301076,1909f56bfc062723c751e8b465ee728b)
Start importing Assets/bloodHD/blood_hd1.tif using Guid(f78147b050f85354891c924c440b694d) Importer(815301076,1909f56bfc062723c751e8b465ee728b)  -> (artifact id: '2dd864c907788839855d63fca61db697') in 0.095035 seconds 
  Import took 0.098895 seconds .

========================================================================
Received Import Request.
  Time since last request: 0.000426 seconds.
  path: Assets/bloodHD/blood_hd9.tif
  artifactKey: Guid(f4c83c945714ba440bb6a20bb1557df3) Importer(815301076,1909f56bfc062723c751e8b465ee728b)
Start importing Assets/bloodHD/blood_hd9.tif using Guid(f4c83c945714ba440bb6a20bb1557df3) Importer(815301076,1909f56bfc062723c751e8b465ee728b)  -> (artifact id: 'f252348b7bca0a633164d79ce1efc285') in 0.019444 seconds 
  Import took 0.023342 seconds .

========================================================================
Received Import Request.
  Time since last request: 0.000426 seconds.
  path: Assets/bloodHD/blood_hd11.tif
  artifactKey: Guid(27bd8025c26a4cf4791649e7aba5c377) Importer(815301076,1909f56bfc062723c751e8b465ee728b)
Start importing Assets/bloodHD/blood_hd11.tif using Guid(27bd8025c26a4cf4791649e7aba5c377) Importer(815301076,1909f56bfc062723c751e8b465ee728b)  -> (artifact id: '1eb96064848b04eea7f1a376c17445b7') in 0.022521 seconds 
  Import took 0.026291 seconds .

========================================================================
Received Import Request.
  Time since last request: 0.000357 seconds.
  path: Assets/bloodHD/blood_hd4.tif
  artifactKey: Guid(20398778fc5a9f945bd42fe30d51325e) Importer(815301076,1909f56bfc062723c751e8b465ee728b)
Start importing Assets/bloodHD/blood_hd4.tif using Guid(20398778fc5a9f945bd42fe30d51325e) Importer(815301076,1909f56bfc062723c751e8b465ee728b)  -> (artifact id: 'f4743fb792fa60c8ea726ac31c2e5ca9') in 0.017811 seconds 
  Import took 0.022172 seconds .

========================================================================
Received Import Request.
  Time since last request: 0.000473 seconds.
  path: Assets/bloodHD/blood_hd5.tif
  artifactKey: Guid(6c98dc6826ff55749a43953db5fb0d2f) Importer(815301076,1909f56bfc062723c751e8b465ee728b)
Start importing Assets/bloodHD/blood_hd5.tif using Guid(6c98dc6826ff55749a43953db5fb0d2f) Importer(815301076,1909f56bfc062723c751e8b465ee728b)  -> (artifact id: '53520181a1936597e62a257664f1541d') in 0.020868 seconds 
  Import took 0.025075 seconds .

========================================================================
Received Import Request.
  Time since last request: 0.000368 seconds.
  path: Assets/bloodHD/blood_hd8.tif
  artifactKey: Guid(f25adb201b1f688448e045de90319a5c) Importer(815301076,1909f56bfc062723c751e8b465ee728b)
Start importing Assets/bloodHD/blood_hd8.tif using Guid(f25adb201b1f688448e045de90319a5c) Importer(815301076,1909f56bfc062723c751e8b465ee728b)  -> (artifact id: 'f862a5b17ea3a054f56b6f1765117830') in 0.024604 seconds 
  Import took 0.027847 seconds .

========================================================================
Received Import Request.
  Time since last request: 0.000402 seconds.
  path: Assets/bloodHD/blood_hd10.tif
  artifactKey: Guid(f670fd0a8dfc1be40b7fe6c6c2bcbb4c) Importer(815301076,1909f56bfc062723c751e8b465ee728b)
Start importing Assets/bloodHD/blood_hd10.tif using Guid(f670fd0a8dfc1be40b7fe6c6c2bcbb4c) Importer(815301076,1909f56bfc062723c751e8b465ee728b)  -> (artifact id: '83e0b8e4f7c3d7aafd56f7da5ac6f922') in 0.027228 seconds 
  Import took 0.030629 seconds .

========================================================================
Received Import Request.
  Time since last request: 0.000438 seconds.
  path: Assets/bloodHD/blood_hd2.tif
  artifactKey: Guid(c53f3424141530a43a34ca563df3373a) Importer(815301076,1909f56bfc062723c751e8b465ee728b)
Start importing Assets/bloodHD/blood_hd2.tif using Guid(c53f3424141530a43a34ca563df3373a) Importer(815301076,1909f56bfc062723c751e8b465ee728b)  -> (artifact id: 'b81ee10e9d7159e4362014253a5fe38b') in 0.029126 seconds 
  Import took 0.032388 seconds .

========================================================================
Received Import Request.
  Time since last request: 0.000373 seconds.
  path: Assets/bloodHD/blood_hd3.tif
  artifactKey: Guid(d1465885e4910f84791fb837506c9351) Importer(815301076,1909f56bfc062723c751e8b465ee728b)
Start importing Assets/bloodHD/blood_hd3.tif using Guid(d1465885e4910f84791fb837506c9351) Importer(815301076,1909f56bfc062723c751e8b465ee728b)  -> (artifact id: '0e94b8eeb1e01e0ea371ebb5be8e7acb') in 0.032624 seconds 
  Import took 0.036667 seconds .

========================================================================
Received Import Request.
  Time since last request: 0.000640 seconds.
  path: Assets/bloodHD/blood_hd2.tif
  artifactKey: Guid(c53f3424141530a43a34ca563df3373a) Importer(815301076,1909f56bfc062723c751e8b465ee728b)
Start importing Assets/bloodHD/blood_hd2.tif using Guid(c53f3424141530a43a34ca563df3373a) Importer(815301076,1909f56bfc062723c751e8b465ee728b)  -> (artifact id: 'b81ee10e9d7159e4362014253a5fe38b') in 0.014617 seconds 
  Import took 0.018713 seconds .

========================================================================
Received Import Request.
  Time since last request: 0.000384 seconds.
  path: Assets/bloodHD/blood_hd6.tif
  artifactKey: Guid(23748fc894e81bd4fab2289680a79a46) Importer(815301076,1909f56bfc062723c751e8b465ee728b)
Start importing Assets/bloodHD/blood_hd6.tif using Guid(23748fc894e81bd4fab2289680a79a46) Importer(815301076,1909f56bfc062723c751e8b465ee728b)  -> (artifact id: '871d1d2b22fc5243952016afbc798dae') in 0.016553 seconds 
  Import took 0.020211 seconds .

========================================================================
Received Import Request.
  Time since last request: 0.000477 seconds.
  path: Assets/bloodHD/blood_hd7.tif
  artifactKey: Guid(db51e389697ad114e9d3c0fc7c95c07a) Importer(815301076,1909f56bfc062723c751e8b465ee728b)
Start importing Assets/bloodHD/blood_hd7.tif using Guid(db51e389697ad114e9d3c0fc7c95c07a) Importer(815301076,1909f56bfc062723c751e8b465ee728b)  -> (artifact id: '69ffaf7ffa254f4b7bce895b865b97fc') in 0.017388 seconds 
  Import took 0.021187 seconds .

========================================================================
Received Import Request.
  Time since last request: 6.606737 seconds.
  path: Assets/Scenes/bloodHD/blood_hd12.tif
  artifactKey: Guid(09ac27dc1709a5d439d036c363cf7830) Importer(815301076,1909f56bfc062723c751e8b465ee728b)
Start importing Assets/Scenes/bloodHD/blood_hd12.tif using Guid(09ac27dc1709a5d439d036c363cf7830) Importer(815301076,1909f56bfc062723c751e8b465ee728b)  -> (artifact id: '35fffc06e05c77bd4b9c844dc32b485f') in 0.015878 seconds 
  Import took 0.019435 seconds .

========================================================================
Received Import Request.
  Time since last request: 0.000367 seconds.
  path: Assets/Scenes/bloodHD/blood_hd13.tif
  artifactKey: Guid(8b593749df262c442a2a906c43b45749) Importer(815301076,1909f56bfc062723c751e8b465ee728b)
Start importing Assets/Scenes/bloodHD/blood_hd13.tif using Guid(8b593749df262c442a2a906c43b45749) Importer(815301076,1909f56bfc062723c751e8b465ee728b)  -> (artifact id: 'd30fdba2397027e8c5c66e855c30ed48') in 0.017808 seconds 
  Import took 0.020978 seconds .

========================================================================
Received Import Request.
  Time since last request: 6.089171 seconds.
  path: Assets/Scenes/bloodHD/blood_hd14.tif
  artifactKey: Guid(207f59564b585aa488730a6c6da02f11) Importer(815301076,1909f56bfc062723c751e8b465ee728b)
Start importing Assets/Scenes/bloodHD/blood_hd14.tif using Guid(207f59564b585aa488730a6c6da02f11) Importer(815301076,1909f56bfc062723c751e8b465ee728b)  -> (artifact id: 'ab6438923b41fdb66f46306b11661adf') in 0.018341 seconds 
  Import took 0.021883 seconds .

========================================================================
Received Import Request.
  Time since last request: 0.000431 seconds.
  path: Assets/Scenes/bloodHD/blood_hd15.tif
  artifactKey: Guid(c0a38e543684db24d9e30d0eb86b3b8a) Importer(815301076,1909f56bfc062723c751e8b465ee728b)
Start importing Assets/Scenes/bloodHD/blood_hd15.tif using Guid(c0a38e543684db24d9e30d0eb86b3b8a) Importer(815301076,1909f56bfc062723c751e8b465ee728b)  -> (artifact id: 'c9772327fa42e115630840f5d8a93d4f') in 0.017909 seconds 
  Import took 0.020741 seconds .

========================================================================
Received Import Request.
  Time since last request: 0.000394 seconds.
  path: Assets/Scenes/bloodHD/blood_hd14.tif
  artifactKey: Guid(207f59564b585aa488730a6c6da02f11) Importer(815301076,1909f56bfc062723c751e8b465ee728b)
Start importing Assets/Scenes/bloodHD/blood_hd14.tif using Guid(207f59564b585aa488730a6c6da02f11) Importer(815301076,1909f56bfc062723c751e8b465ee728b)  -> (artifact id: 'ab6438923b41fdb66f46306b11661adf') in 0.029038 seconds 
  Import took 0.032127 seconds .

========================================================================
Received Import Request.
  Time since last request: 59.298106 seconds.
  path: Assets/Scenes/bloodHD/blood_hd16.tif
  artifactKey: Guid(a10067a81cd71de4f952b89974d228d9) Importer(815301076,1909f56bfc062723c751e8b465ee728b)
Start importing Assets/Scenes/bloodHD/blood_hd16.tif using Guid(a10067a81cd71de4f952b89974d228d9) Importer(815301076,1909f56bfc062723c751e8b465ee728b)  -> (artifact id: '8e60a6256a1c1bdf7ad78e8af6947ccf') in 0.032607 seconds 
  Import took 0.036396 seconds .

========================================================================
Received Import Request.
  Time since last request: 0.000362 seconds.
  path: Assets/Scenes/bloodHD/blood_hd17.tif
  artifactKey: Guid(0b304ff63de93004e954b7170ce25d3a) Importer(815301076,1909f56bfc062723c751e8b465ee728b)
Start importing Assets/Scenes/bloodHD/blood_hd17.tif using Guid(0b304ff63de93004e954b7170ce25d3a) Importer(815301076,1909f56bfc062723c751e8b465ee728b)  -> (artifact id: 'eac4760ce57584933ae70ed76f3c0c50') in 0.030744 seconds 
  Import took 0.034062 seconds .

========================================================================
Received Import Request.
  Time since last request: 0.000490 seconds.
  path: Assets/Scenes/bloodHD/blood_hd16.tif
  artifactKey: Guid(a10067a81cd71de4f952b89974d228d9) Importer(815301076,1909f56bfc062723c751e8b465ee728b)
Start importing Assets/Scenes/bloodHD/blood_hd16.tif using Guid(a10067a81cd71de4f952b89974d228d9) Importer(815301076,1909f56bfc062723c751e8b465ee728b)  -> (artifact id: '8e60a6256a1c1bdf7ad78e8af6947ccf') in 0.013409 seconds 
  Import took 0.016364 seconds .

========================================================================
Received Import Request.
  Time since last request: 0.000375 seconds.
  path: Assets/Scenes/bloodHD/blood_hd17.tif
  artifactKey: Guid(0b304ff63de93004e954b7170ce25d3a) Importer(815301076,1909f56bfc062723c751e8b465ee728b)
Start importing Assets/Scenes/bloodHD/blood_hd17.tif using Guid(0b304ff63de93004e954b7170ce25d3a) Importer(815301076,1909f56bfc062723c751e8b465ee728b)  -> (artifact id: 'eac4760ce57584933ae70ed76f3c0c50') in 0.013198 seconds 
  Import took 0.016522 seconds .

========================================================================
Received Import Request.
  Time since last request: 0.012098 seconds.
  path: Assets/Scenes/bloodHD/blood_hd18.tif
  artifactKey: Guid(1690f0f3efaf8f940b128c54330abc2f) Importer(815301076,1909f56bfc062723c751e8b465ee728b)
Start importing Assets/Scenes/bloodHD/blood_hd18.tif using Guid(1690f0f3efaf8f940b128c54330abc2f) Importer(815301076,1909f56bfc062723c751e8b465ee728b)  -> (artifact id: '19e881013110c1bd4664084fbe63b789') in 0.015897 seconds 
  Import took 0.019688 seconds .

========================================================================
Received Import Request.
  Time since last request: 3.754793 seconds.
  path: Assets/Scenes/bloodHD/Materials/blood_hd7.mat
  artifactKey: Guid(3116f2ddb1ef4154f8a6c7215c540c8e) Importer(815301076,1909f56bfc062723c751e8b465ee728b)
Start importing Assets/Scenes/bloodHD/Materials/blood_hd7.mat using Guid(3116f2ddb1ef4154f8a6c7215c540c8e) Importer(815301076,1909f56bfc062723c751e8b465ee728b)  -> (artifact id: '740b22b18dac7056becef883b02f2ccf') in 0.066720 seconds 
  Import took 0.069926 seconds .

========================================================================
Received Import Request.
  Time since last request: 0.000542 seconds.
  path: Assets/Scenes/bloodHD/Materials/blood_hd20.mat
  artifactKey: Guid(3bb1426d7dd115e4781459fbe12a737a) Importer(815301076,1909f56bfc062723c751e8b465ee728b)
Start importing Assets/Scenes/bloodHD/Materials/blood_hd20.mat using Guid(3bb1426d7dd115e4781459fbe12a737a) Importer(815301076,1909f56bfc062723c751e8b465ee728b)  -> (artifact id: '4d0cc78c1c69dc4a04106547c52b8234') in 0.018222 seconds 
  Import took 0.021623 seconds .

========================================================================
Received Import Request.
  Time since last request: 0.000455 seconds.
  path: Assets/Scenes/bloodHD/Materials/blood_hd15.mat
  artifactKey: Guid(94b24c014d5063c41a88c6533d4c34f7) Importer(815301076,1909f56bfc062723c751e8b465ee728b)
Start importing Assets/Scenes/bloodHD/Materials/blood_hd15.mat using Guid(94b24c014d5063c41a88c6533d4c34f7) Importer(815301076,1909f56bfc062723c751e8b465ee728b)  -> (artifact id: 'b70cf0e0d15df8bd4f1b5bf6198cfef2') in 0.021601 seconds 
  Import took 0.024949 seconds .

========================================================================
Received Import Request.
  Time since last request: 0.000430 seconds.
  path: Assets/Scenes/bloodHD/Materials/blood_hd11.mat
  artifactKey: Guid(1cb9f13a58fe25549a38a877f0de6e1a) Importer(815301076,1909f56bfc062723c751e8b465ee728b)
Start importing Assets/Scenes/bloodHD/Materials/blood_hd11.mat using Guid(1cb9f13a58fe25549a38a877f0de6e1a) Importer(815301076,1909f56bfc062723c751e8b465ee728b)  -> (artifact id: '9b3578373aae63330e7925182e49c1a8') in 0.016410 seconds 
  Import took 0.019714 seconds .

========================================================================
Received Import Request.
  Time since last request: 0.000530 seconds.
  path: Assets/Scenes/bloodHD/Materials/blood_hd8.mat
  artifactKey: Guid(0cf02e6f5d649814587abf96b29b5a36) Importer(815301076,1909f56bfc062723c751e8b465ee728b)
Start importing Assets/Scenes/bloodHD/Materials/blood_hd8.mat using Guid(0cf02e6f5d649814587abf96b29b5a36) Importer(815301076,1909f56bfc062723c751e8b465ee728b)  -> (artifact id: '76123948295fbc4354878100c1426250') in 0.016812 seconds 
  Import took 0.020066 seconds .

========================================================================
Received Import Request.
  Time since last request: 0.000491 seconds.
  path: Assets/Scenes/bloodHD/Materials/blood_hd12.mat
  artifactKey: Guid(cce81ed46b058584e85d30ee5fc617f9) Importer(815301076,1909f56bfc062723c751e8b465ee728b)
Start importing Assets/Scenes/bloodHD/Materials/blood_hd12.mat using Guid(cce81ed46b058584e85d30ee5fc617f9) Importer(815301076,1909f56bfc062723c751e8b465ee728b)  -> (artifact id: '6f3bf65d5a3e2d17b210cf7ddc206ad6') in 0.016679 seconds 
  Import took 0.019824 seconds .

========================================================================
Received Import Request.
  Time since last request: 0.000386 seconds.
  path: Assets/Scenes/bloodHD/Materials/blood_hd13.mat
  artifactKey: Guid(82882dfdcf39bb6499d73e87154aa74d) Importer(815301076,1909f56bfc062723c751e8b465ee728b)
Start importing Assets/Scenes/bloodHD/Materials/blood_hd13.mat using Guid(82882dfdcf39bb6499d73e87154aa74d) Importer(815301076,1909f56bfc062723c751e8b465ee728b)  -> (artifact id: 'a2881588f20e7539267722c7782c572c') in 0.016281 seconds 
  Import took 0.019546 seconds .

========================================================================
Received Import Request.
  Time since last request: 0.000433 seconds.
  path: Assets/Scenes/bloodHD/Materials/blood_hd23.mat
  artifactKey: Guid(42c5a58807590d54980be683a0cdc20b) Importer(815301076,1909f56bfc062723c751e8b465ee728b)
Start importing Assets/Scenes/bloodHD/Materials/blood_hd23.mat using Guid(42c5a58807590d54980be683a0cdc20b) Importer(815301076,1909f56bfc062723c751e8b465ee728b)  -> (artifact id: 'f99486306238d0ec7e19af49678a7b04') in 0.018159 seconds 
  Import took 0.021981 seconds .

========================================================================
Received Import Request.
  Time since last request: 0.000422 seconds.
  path: Assets/Scenes/bloodHD/Materials/blood_hd25.mat
  artifactKey: Guid(7459fd58f7e214b42bdbab339c0cbe7d) Importer(815301076,1909f56bfc062723c751e8b465ee728b)
Start importing Assets/Scenes/bloodHD/Materials/blood_hd25.mat using Guid(7459fd58f7e214b42bdbab339c0cbe7d) Importer(815301076,1909f56bfc062723c751e8b465ee728b)  -> (artifact id: '7a70d97a315de91e4240d1366f96c0b7') in 0.016512 seconds 
  Import took 0.019612 seconds .

========================================================================
Received Import Request.
  Time since last request: 0.000345 seconds.
  path: Assets/Scenes/bloodHD/Materials/blood_hd16.mat
  artifactKey: Guid(2146eadcec6b0c043bf32a6185e9f8b6) Importer(815301076,1909f56bfc062723c751e8b465ee728b)
Start importing Assets/Scenes/bloodHD/Materials/blood_hd16.mat using Guid(2146eadcec6b0c043bf32a6185e9f8b6) Importer(815301076,1909f56bfc062723c751e8b465ee728b)  -> (artifact id: '50cddf6d21f4d05c5f6149f01e1c311f') in 0.018423 seconds 
  Import took 0.021647 seconds .

========================================================================
Received Import Request.
  Time since last request: 0.000474 seconds.
  path: Assets/Scenes/bloodHD/Materials/blood_hd14.mat
  artifactKey: Guid(801c92f0f3db7184f81c841b4e888cea) Importer(815301076,1909f56bfc062723c751e8b465ee728b)
Start importing Assets/Scenes/bloodHD/Materials/blood_hd14.mat using Guid(801c92f0f3db7184f81c841b4e888cea) Importer(815301076,1909f56bfc062723c751e8b465ee728b)  -> (artifact id: '56a950dd22bc659c317ebb46e9e469a3') in 0.015224 seconds 
  Import took 0.018256 seconds .

========================================================================
Received Import Request.
  Time since last request: 0.000495 seconds.
  path: Assets/Scenes/bloodHD/Materials/blood_hd18.mat
  artifactKey: Guid(e1301c616b311db4eaa68318b283e626) Importer(815301076,1909f56bfc062723c751e8b465ee728b)
Start importing Assets/Scenes/bloodHD/Materials/blood_hd18.mat using Guid(e1301c616b311db4eaa68318b283e626) Importer(815301076,1909f56bfc062723c751e8b465ee728b)  -> (artifact id: '14e21af7b0c32b2b288f78e21971e586') in 0.016493 seconds 
  Import took 0.019475 seconds .

========================================================================
Received Import Request.
  Time since last request: 0.000398 seconds.
  path: Assets/Scenes/bloodHD/Materials/blood_hd17.mat
  artifactKey: Guid(a596ac8c92503db459faed88737b18b6) Importer(815301076,1909f56bfc062723c751e8b465ee728b)
Start importing Assets/Scenes/bloodHD/Materials/blood_hd17.mat using Guid(a596ac8c92503db459faed88737b18b6) Importer(815301076,1909f56bfc062723c751e8b465ee728b)  -> (artifact id: '4a0cbb48ac2338ad0dcc1fe4482ef516') in 0.017841 seconds 
  Import took 0.020935 seconds .

========================================================================
Received Import Request.
  Time since last request: 0.000339 seconds.
  path: Assets/Scenes/bloodHD/Materials/blood_hd9.mat
  artifactKey: Guid(9982ead335689a948aa3fecc8ac5385d) Importer(815301076,1909f56bfc062723c751e8b465ee728b)
Start importing Assets/Scenes/bloodHD/Materials/blood_hd9.mat using Guid(9982ead335689a948aa3fecc8ac5385d) Importer(815301076,1909f56bfc062723c751e8b465ee728b)  -> (artifact id: '4c91eb89f3963d2fb4411d17b523ebb0') in 0.015464 seconds 
  Import took 0.018432 seconds .

========================================================================
Received Import Request.
  Time since last request: 0.000551 seconds.
  path: Assets/Scenes/bloodHD/Materials/blood_hd21.mat
  artifactKey: Guid(bc948bfaf3df5b244932c830ce40c568) Importer(815301076,1909f56bfc062723c751e8b465ee728b)
Start importing Assets/Scenes/bloodHD/Materials/blood_hd21.mat using Guid(bc948bfaf3df5b244932c830ce40c568) Importer(815301076,1909f56bfc062723c751e8b465ee728b)  -> (artifact id: '720a4bfc76174999eec32ccb754df9f5') in 0.016840 seconds 
  Import took 0.020421 seconds .

========================================================================
Received Import Request.
  Time since last request: 0.000338 seconds.
  path: Assets/Scenes/bloodHD/Materials/blood_hd22.mat
  artifactKey: Guid(de87ca5dbf1c86e4f9d05e0e72451ef3) Importer(815301076,1909f56bfc062723c751e8b465ee728b)
Start importing Assets/Scenes/bloodHD/Materials/blood_hd22.mat using Guid(de87ca5dbf1c86e4f9d05e0e72451ef3) Importer(815301076,1909f56bfc062723c751e8b465ee728b)  -> (artifact id: '53a18d50c2762b661571adf566b18b62') in 0.018449 seconds 
  Import took 0.021468 seconds .

========================================================================
Received Import Request.
  Time since last request: 0.000367 seconds.
  path: Assets/Scenes/bloodHD/Materials/blood_hd24.mat
  artifactKey: Guid(ee392c2ad02629a43bdbf44c065c7704) Importer(815301076,1909f56bfc062723c751e8b465ee728b)
Start importing Assets/Scenes/bloodHD/Materials/blood_hd24.mat using Guid(ee392c2ad02629a43bdbf44c065c7704) Importer(815301076,1909f56bfc062723c751e8b465ee728b)  -> (artifact id: 'df155edfd88ddc0948a883ba43fe74f3') in 0.017482 seconds 
  Import took 0.020492 seconds .

========================================================================
Received Import Request.
  Time since last request: 0.000428 seconds.
  path: Assets/Scenes/bloodHD/Materials/blood_hd19.mat
  artifactKey: Guid(936bf1f8e288ae147aa726416577540f) Importer(815301076,1909f56bfc062723c751e8b465ee728b)
Start importing Assets/Scenes/bloodHD/Materials/blood_hd19.mat using Guid(936bf1f8e288ae147aa726416577540f) Importer(815301076,1909f56bfc062723c751e8b465ee728b)  -> (artifact id: 'dfa9ca3f3ad2dba008508aae2d822012') in 0.016641 seconds 
  Import took 0.019417 seconds .

========================================================================
Received Import Request.
  Time since last request: 0.000389 seconds.
  path: Assets/Scenes/bloodHD/Materials/blood_hd10.mat
  artifactKey: Guid(2ccd4a6800832ec42b04e6b50d0ad56b) Importer(815301076,1909f56bfc062723c751e8b465ee728b)
Start importing Assets/Scenes/bloodHD/Materials/blood_hd10.mat using Guid(2ccd4a6800832ec42b04e6b50d0ad56b) Importer(815301076,1909f56bfc062723c751e8b465ee728b)  -> (artifact id: '480afe844eb96ce70a702b77803be2c6') in 0.016238 seconds 
  Import took 0.019362 seconds .

========================================================================
Received Import Request.
  Time since last request: 0.497707 seconds.
  path: Assets/Scenes/bloodHD/Materials/blood_hd4.mat
  artifactKey: Guid(eb028866cc5702a418dc8f96af1b5498) Importer(815301076,1909f56bfc062723c751e8b465ee728b)
Start importing Assets/Scenes/bloodHD/Materials/blood_hd4.mat using Guid(eb028866cc5702a418dc8f96af1b5498) Importer(815301076,1909f56bfc062723c751e8b465ee728b)  -> (artifact id: '00ac3b50b556ab9cd1320c86aeb7cb98') in 0.018964 seconds 
  Import took 0.021962 seconds .

========================================================================
Received Import Request.
  Time since last request: 0.000384 seconds.
  path: Assets/Scenes/bloodHD/Materials/blood_hd5.mat
  artifactKey: Guid(2eea64e068cbdbe4fb1d1c17c3109216) Importer(815301076,1909f56bfc062723c751e8b465ee728b)
Start importing Assets/Scenes/bloodHD/Materials/blood_hd5.mat using Guid(2eea64e068cbdbe4fb1d1c17c3109216) Importer(815301076,1909f56bfc062723c751e8b465ee728b)  -> (artifact id: 'f6accdc8403f4ec25ce3664b3390c3a2') in 0.017719 seconds 
  Import took 0.020761 seconds .

========================================================================
Received Import Request.
  Time since last request: 0.000335 seconds.
  path: Assets/Scenes/bloodHD/Materials/blood_hd6.mat
  artifactKey: Guid(55f12c6dcc2595247946a50b19c03e20) Importer(815301076,1909f56bfc062723c751e8b465ee728b)
Start importing Assets/Scenes/bloodHD/Materials/blood_hd6.mat using Guid(55f12c6dcc2595247946a50b19c03e20) Importer(815301076,1909f56bfc062723c751e8b465ee728b)  -> (artifact id: 'cea7e00a16ad33322a215253aec075d5') in 0.049936 seconds 
  Import took 0.097771 seconds .

========================================================================
Received Import Request.
  Time since last request: 0.000543 seconds.
  path: Assets/Scenes/bloodHD/Materials/blood_hd2.mat
  artifactKey: Guid(e68dffd5c361eb148afaa6231fada0ae) Importer(815301076,1909f56bfc062723c751e8b465ee728b)
Start importing Assets/Scenes/bloodHD/Materials/blood_hd2.mat using Guid(e68dffd5c361eb148afaa6231fada0ae) Importer(815301076,1909f56bfc062723c751e8b465ee728b)  -> (artifact id: '1afbf2ff94197adf66f6407e5db8b451') in 0.017156 seconds 
  Import took 0.019976 seconds .

========================================================================
Received Import Request.
  Time since last request: 0.000367 seconds.
  path: Assets/Scenes/bloodHD/Materials/blood_hd3.mat
  artifactKey: Guid(24065765b0ecfdf4a92ba3c62f7429d3) Importer(815301076,1909f56bfc062723c751e8b465ee728b)
Start importing Assets/Scenes/bloodHD/Materials/blood_hd3.mat using Guid(24065765b0ecfdf4a92ba3c62f7429d3) Importer(815301076,1909f56bfc062723c751e8b465ee728b)  -> (artifact id: 'a3ae3358324701c984e6ea87ed55ca58') in 0.043934 seconds 
  Import took 0.048177 seconds .

========================================================================
Received Import Request.
  Time since last request: 0.000611 seconds.
  path: Assets/Scenes/bloodHD/Materials/blood_hd1.mat
  artifactKey: Guid(e66c3465440dfcf4a99f63d7ccabce0c) Importer(815301076,1909f56bfc062723c751e8b465ee728b)
Start importing Assets/Scenes/bloodHD/Materials/blood_hd1.mat using Guid(e66c3465440dfcf4a99f63d7ccabce0c) Importer(815301076,1909f56bfc062723c751e8b465ee728b)  -> (artifact id: '3a450403991e75956cd5c7e04b390522') in 0.029154 seconds 
  Import took 0.033108 seconds .

========================================================================
Received Import Request.
  Time since last request: 2.507938 seconds.
  path: Assets/Scenes/bloodHD/Materials/blood_hd26.mat
  artifactKey: Guid(288ee5b475146d6489b9190a91dcd2d3) Importer(815301076,1909f56bfc062723c751e8b465ee728b)
Start importing Assets/Scenes/bloodHD/Materials/blood_hd26.mat using Guid(288ee5b475146d6489b9190a91dcd2d3) Importer(815301076,1909f56bfc062723c751e8b465ee728b)  -> (artifact id: '56abf4ce85e44aabc3c897a1e80dc573') in 0.021405 seconds 
  Import took 0.025441 seconds .

========================================================================
Received Import Request.
  Time since last request: 0.000393 seconds.
  path: Assets/Scenes/bloodHD/Materials/blood_hd30.mat
  artifactKey: Guid(b0c9437d9522fb94f9c93177ca5fe319) Importer(815301076,1909f56bfc062723c751e8b465ee728b)
Start importing Assets/Scenes/bloodHD/Materials/blood_hd30.mat using Guid(b0c9437d9522fb94f9c93177ca5fe319) Importer(815301076,1909f56bfc062723c751e8b465ee728b)  -> (artifact id: 'f429148292029116996723fd5d405bc1') in 0.038559 seconds 
  Import took 0.041504 seconds .

========================================================================
Received Import Request.
  Time since last request: 0.000356 seconds.
  path: Assets/Scenes/bloodHD/Materials/blood_hd31.mat
  artifactKey: Guid(82f9796253ec48045af1670039b07c9f) Importer(815301076,1909f56bfc062723c751e8b465ee728b)
Start importing Assets/Scenes/bloodHD/Materials/blood_hd31.mat using Guid(82f9796253ec48045af1670039b07c9f) Importer(815301076,1909f56bfc062723c751e8b465ee728b)  -> (artifact id: 'b0df878a257d20e909be116cea2ed65e') in 0.025426 seconds 
  Import took 0.028577 seconds .

========================================================================
Received Import Request.
  Time since last request: 0.000369 seconds.
  path: Assets/Scenes/bloodHD/Materials/blood_hd28.mat
  artifactKey: Guid(ff36b7ab8a32a8d48a37694a2b9e6bd2) Importer(815301076,1909f56bfc062723c751e8b465ee728b)
Start importing Assets/Scenes/bloodHD/Materials/blood_hd28.mat using Guid(ff36b7ab8a32a8d48a37694a2b9e6bd2) Importer(815301076,1909f56bfc062723c751e8b465ee728b)  -> (artifact id: '14b3e720cfc74fc5beaf6fd5f1e3a64a') in 0.018833 seconds 
  Import took 0.021921 seconds .

========================================================================
Received Import Request.
  Time since last request: 0.000318 seconds.
  path: Assets/Scenes/bloodHD/Materials/blood_hd27.mat
  artifactKey: Guid(8ff47fd7b24b2894ea7d8e8626132099) Importer(815301076,1909f56bfc062723c751e8b465ee728b)
Start importing Assets/Scenes/bloodHD/Materials/blood_hd27.mat using Guid(8ff47fd7b24b2894ea7d8e8626132099) Importer(815301076,1909f56bfc062723c751e8b465ee728b)  -> (artifact id: 'ec82c74bbf96e3a19ed5e253706b2b28') in 0.016623 seconds 
  Import took 0.019543 seconds .

========================================================================
Received Import Request.
  Time since last request: 0.000344 seconds.
  path: Assets/Scenes/bloodHD/Materials/blood_hd29.mat
  artifactKey: Guid(b81df0e251c04534c945597e135e6818) Importer(815301076,1909f56bfc062723c751e8b465ee728b)
Start importing Assets/Scenes/bloodHD/Materials/blood_hd29.mat using Guid(b81df0e251c04534c945597e135e6818) Importer(815301076,1909f56bfc062723c751e8b465ee728b)  -> (artifact id: '303d10c83e5c03786475681162828b3f') in 0.017884 seconds 
  Import took 0.021311 seconds .

========================================================================
Received Import Request.
  Time since last request: 78.938915 seconds.
  path: Assets/Scenes/bloodHD/Materials/blood_hd32.mat
  artifactKey: Guid(72abdc688b6505c47a41f74e6a3cc2c2) Importer(815301076,1909f56bfc062723c751e8b465ee728b)
Start importing Assets/Scenes/bloodHD/Materials/blood_hd32.mat using Guid(72abdc688b6505c47a41f74e6a3cc2c2) Importer(815301076,1909f56bfc062723c751e8b465ee728b)  -> (artifact id: '51a278716301de66d3a046fc19f45a5e') in 0.023552 seconds 
  Import took 0.028077 seconds .

========================================================================
Received Import Request.
  Time since last request: 0.003087 seconds.
  path: Assets/Scenes/bloodHD/Materials/blood_hd32.mat
  artifactKey: Guid(72abdc688b6505c47a41f74e6a3cc2c2) Importer(815301076,1909f56bfc062723c751e8b465ee728b)
Start importing Assets/Scenes/bloodHD/Materials/blood_hd32.mat using Guid(72abdc688b6505c47a41f74e6a3cc2c2) Importer(815301076,1909f56bfc062723c751e8b465ee728b)  -> (artifact id: '51a278716301de66d3a046fc19f45a5e') in 0.020117 seconds 
  Import took 0.022950 seconds .

========================================================================
Received Prepare
Registering precompiled user dll's ...
Registered in 0.021518 seconds.
Begin MonoManager ReloadAssembly
Native extension for WindowsStandalone target not found
Native extension for WebGL target not found
Refreshing native plugins compatible for Editor in 0.32 ms, found 2 plugins.
Preloading 0 native plugins for Editor in 0.00 ms.
Mono: successfully reloaded assembly
- Completed reload, in  1.033 seconds
Platform modules already initialized, skipping
Refreshing native plugins compatible for Editor in 0.36 ms, found 2 plugins.
Preloading 0 native plugins for Editor in 0.00 ms.
Unloading 957 Unused Serialized files (Serialized files now loaded: 0)
System memory in use before: 129.0 MB.
System memory in use after: 129.1 MB.

Unloading 13 unused Assets to reduce memory usage. Loaded Objects now: 1475.
Total: 1.565400 ms (FindLiveObjects: 0.104900 ms CreateObjectMapping: 0.028300 ms MarkObjects: 1.411400 ms  DeleteObjects: 0.019600 ms)

AssetImportParameters requested are different than current active one (requested -> active):
  custom:framework-win-MediaFoundation: 216162199b28c13a410421893ffa2e32 -> 
  custom:video-decoder-ogg-theora: a1e56fd34408186e4bbccfd4996cb3dc -> 
  custom:container-muxer-webm: aa71ff27fc2769a1b78a27578f13a17b -> 
  custom:container-demuxer-webm: 4f35f7cbe854078d1ac9338744f61a02 -> 
  custom:container-demuxer-ogg: 62fdf1f143b41e24485cea50d1cbac27 -> 
  custom:video-encoder-webm-vp8: eb34c28f22e8b96e1ab97ce403110664 -> 
  custom:video-codec-MediaFoundation-h265: 746d11721c4dcdbdad8f713fa42b33f4 -> 
  custom:video-decoder-webm-vp8: 9c59270c3fd7afecdb556c50c9e8de78 -> 
  custom:audio-decoder-ogg-vorbis: bf7c407c2cedff20999df2af8eb42d56 -> 
  custom:audio-encoder-webm-vorbis: bf7c407c2cedff20999df2af8eb42d56 -> 
AssetImportWorkerClient::OnTransportError - code=2 error=End of file
